[Aug 05 2015 14:14:23] ERROR_HANDLER 
Number:  2
Message: include(/home/theyarea/public_html/partyupplayer/blog/wp-content/wp-cache-config.php): failed to open stream: No such file or directory
File:    /home/theyarea/public_html/partyupplayer/blog/wp-content/plugins/wp-super-cache/wp-cache.php
Line:    51
-------------------------------------------- 
[Aug 05 2015 14:14:23] ERROR_HANDLER 
Number:  2
Message: include(/home/theyarea/public_html/partyupplayer/blog/wp-content/wp-cache-config.php): failed to open stream: No such file or directory
File:    /home/theyarea/public_html/partyupplayer/blog/wp-content/plugins/wp-super-cache/wp-cache.php
Line:    51
-------------------------------------------- 
[Aug 05 2015 14:14:23] ERROR_HANDLER 
Number:  2
Message: include(): Failed opening '/home/theyarea/public_html/partyupplayer/blog/wp-content/wp-cache-config.php' for inclusion (include_path='.:/usr/lib/php:/usr/local/lib/php')
File:    /home/theyarea/public_html/partyupplayer/blog/wp-content/plugins/wp-super-cache/wp-cache.php
Line:    51
-------------------------------------------- 
[Aug 05 2015 14:14:34] ERROR_HANDLER 
Number:  2
Message: include(/home/theyarea/public_html/partyupplayer/blog/wp-content/wp-cache-config.php): failed to open stream: No such file or directory
File:    /home/theyarea/public_html/partyupplayer/blog/wp-content/plugins/wp-super-cache/wp-cache.php
Line:    51
-------------------------------------------- 
[Aug 05 2015 14:14:34] ERROR_HANDLER 
Number:  2
Message: include(/home/theyarea/public_html/partyupplayer/blog/wp-content/wp-cache-config.php): failed to open stream: No such file or directory
File:    /home/theyarea/public_html/partyupplayer/blog/wp-content/plugins/wp-super-cache/wp-cache.php
Line:    51
-------------------------------------------- 
[Aug 05 2015 14:14:34] ERROR_HANDLER 
Number:  2
Message: include(): Failed opening '/home/theyarea/public_html/partyupplayer/blog/wp-content/wp-cache-config.php' for inclusion (include_path='.:/usr/lib/php:/usr/local/lib/php')
File:    /home/theyarea/public_html/partyupplayer/blog/wp-content/plugins/wp-super-cache/wp-cache.php
Line:    51
-------------------------------------------- 
[Aug 05 2015 14:14:34] ERROR_HANDLER 
Number:  2
Message: include(/home/theyarea/public_html/partyupplayer/blog/wp-content/wp-cache-config.php): failed to open stream: No such file or directory
File:    /home/theyarea/public_html/partyupplayer/blog/wp-content/plugins/wp-super-cache/wp-cache.php
Line:    51
-------------------------------------------- 
[Aug 05 2015 14:14:34] ERROR_HANDLER 
Number:  2
Message: include(/home/theyarea/public_html/partyupplayer/blog/wp-content/wp-cache-config.php): failed to open stream: No such file or directory
File:    /home/theyarea/public_html/partyupplayer/blog/wp-content/plugins/wp-super-cache/wp-cache.php
Line:    51
-------------------------------------------- 
[Aug 05 2015 14:14:34] ERROR_HANDLER 
Number:  2
Message: include(): Failed opening '/home/theyarea/public_html/partyupplayer/blog/wp-content/wp-cache-config.php' for inclusion (include_path='.:/usr/lib/php:/usr/local/lib/php')
File:    /home/theyarea/public_html/partyupplayer/blog/wp-content/plugins/wp-super-cache/wp-cache.php
Line:    51
-------------------------------------------- 
[Aug 05 2015 14:14:34] ERROR_HANDLER 
Number:  2
Message: include(/home/theyarea/public_html/partyupplayer/blog/wp-content/wp-cache-config.php): failed to open stream: No such file or directory
File:    /home/theyarea/public_html/partyupplayer/blog/wp-content/plugins/wp-super-cache/wp-cache.php
Line:    51
-------------------------------------------- 
[Aug 05 2015 14:14:34] ERROR_HANDLER 
Number:  2
Message: include(/home/theyarea/public_html/partyupplayer/blog/wp-content/wp-cache-config.php): failed to open stream: No such file or directory
File:    /home/theyarea/public_html/partyupplayer/blog/wp-content/plugins/wp-super-cache/wp-cache.php
Line:    51
-------------------------------------------- 
[Aug 05 2015 14:14:34] ERROR_HANDLER 
Number:  2
Message: include(): Failed opening '/home/theyarea/public_html/partyupplayer/blog/wp-content/wp-cache-config.php' for inclusion (include_path='.:/usr/lib/php:/usr/local/lib/php')
File:    /home/theyarea/public_html/partyupplayer/blog/wp-content/plugins/wp-super-cache/wp-cache.php
Line:    51
-------------------------------------------- 
[Aug 05 2015 14:14:35] ERROR_HANDLER 
Number:  2
Message: include(/home/theyarea/public_html/partyupplayer/blog/wp-content/wp-cache-config.php): failed to open stream: No such file or directory
File:    /home/theyarea/public_html/partyupplayer/blog/wp-content/plugins/wp-super-cache/wp-cache.php
Line:    51
-------------------------------------------- 
[Aug 05 2015 14:14:35] ERROR_HANDLER 
Number:  2
Message: include(/home/theyarea/public_html/partyupplayer/blog/wp-content/wp-cache-config.php): failed to open stream: No such file or directory
File:    /home/theyarea/public_html/partyupplayer/blog/wp-content/plugins/wp-super-cache/wp-cache.php
Line:    51
-------------------------------------------- 
[Aug 05 2015 14:14:35] ERROR_HANDLER 
Number:  2
Message: include(): Failed opening '/home/theyarea/public_html/partyupplayer/blog/wp-content/wp-cache-config.php' for inclusion (include_path='.:/usr/lib/php:/usr/local/lib/php')
File:    /home/theyarea/public_html/partyupplayer/blog/wp-content/plugins/wp-super-cache/wp-cache.php
Line:    51
-------------------------------------------- 
[Aug 05 2015 14:14:36] ERROR_HANDLER 
Number:  2
Message: include(/home/theyarea/public_html/partyupplayer/blog/wp-content/wp-cache-config.php): failed to open stream: No such file or directory
File:    /home/theyarea/public_html/partyupplayer/blog/wp-content/plugins/wp-super-cache/wp-cache.php
Line:    51
-------------------------------------------- 
[Aug 05 2015 14:14:36] ERROR_HANDLER 
Number:  2
Message: include(/home/theyarea/public_html/partyupplayer/blog/wp-content/wp-cache-config.php): failed to open stream: No such file or directory
File:    /home/theyarea/public_html/partyupplayer/blog/wp-content/plugins/wp-super-cache/wp-cache.php
Line:    51
-------------------------------------------- 
[Aug 05 2015 14:14:36] ERROR_HANDLER 
Number:  2
Message: include(): Failed opening '/home/theyarea/public_html/partyupplayer/blog/wp-content/wp-cache-config.php' for inclusion (include_path='.:/usr/lib/php:/usr/local/lib/php')
File:    /home/theyarea/public_html/partyupplayer/blog/wp-content/plugins/wp-super-cache/wp-cache.php
Line:    51
-------------------------------------------- 
[Aug 05 2015 14:14:37] ERROR_HANDLER 
Number:  2
Message: include(/home/theyarea/public_html/partyupplayer/blog/wp-content/wp-cache-config.php): failed to open stream: No such file or directory
File:    /home/theyarea/public_html/partyupplayer/blog/wp-content/plugins/wp-super-cache/wp-cache.php
Line:    51
-------------------------------------------- 
[Aug 05 2015 14:14:37] ERROR_HANDLER 
Number:  2
Message: include(/home/theyarea/public_html/partyupplayer/blog/wp-content/wp-cache-config.php): failed to open stream: No such file or directory
File:    /home/theyarea/public_html/partyupplayer/blog/wp-content/plugins/wp-super-cache/wp-cache.php
Line:    51
-------------------------------------------- 
[Aug 05 2015 14:14:37] ERROR_HANDLER 
Number:  2
Message: include(): Failed opening '/home/theyarea/public_html/partyupplayer/blog/wp-content/wp-cache-config.php' for inclusion (include_path='.:/usr/lib/php:/usr/local/lib/php')
File:    /home/theyarea/public_html/partyupplayer/blog/wp-content/plugins/wp-super-cache/wp-cache.php
Line:    51
-------------------------------------------- 
[Aug 05 2015 14:16:02] ERROR_HANDLER 
Number:  2
Message: include(/home/theyarea/public_html/partyupplayer/blog/wp-content/wp-cache-config.php): failed to open stream: No such file or directory
File:    /home/theyarea/public_html/partyupplayer/blog/wp-content/plugins/wp-super-cache/wp-cache.php
Line:    51
-------------------------------------------- 
[Aug 05 2015 14:16:02] ERROR_HANDLER 
Number:  2
Message: include(/home/theyarea/public_html/partyupplayer/blog/wp-content/wp-cache-config.php): failed to open stream: No such file or directory
File:    /home/theyarea/public_html/partyupplayer/blog/wp-content/plugins/wp-super-cache/wp-cache.php
Line:    51
-------------------------------------------- 
[Aug 05 2015 14:16:02] ERROR_HANDLER 
Number:  2
Message: include(): Failed opening '/home/theyarea/public_html/partyupplayer/blog/wp-content/wp-cache-config.php' for inclusion (include_path='.:/usr/lib/php:/usr/local/lib/php')
File:    /home/theyarea/public_html/partyupplayer/blog/wp-content/plugins/wp-super-cache/wp-cache.php
Line:    51
-------------------------------------------- 
[Aug 05 2015 14:16:48] ERROR_HANDLER 
Number:  2
Message: include(/home/theyarea/public_html/partyupplayer/blog/wp-content/wp-cache-config.php): failed to open stream: No such file or directory
File:    /home/theyarea/public_html/partyupplayer/blog/wp-content/plugins/wp-super-cache/wp-cache.php
Line:    51
-------------------------------------------- 
[Aug 05 2015 14:16:48] ERROR_HANDLER 
Number:  2
Message: include(/home/theyarea/public_html/partyupplayer/blog/wp-content/wp-cache-config.php): failed to open stream: No such file or directory
File:    /home/theyarea/public_html/partyupplayer/blog/wp-content/plugins/wp-super-cache/wp-cache.php
Line:    51
-------------------------------------------- 
[Aug 05 2015 14:16:48] ERROR_HANDLER 
Number:  2
Message: include(): Failed opening '/home/theyarea/public_html/partyupplayer/blog/wp-content/wp-cache-config.php' for inclusion (include_path='.:/usr/lib/php:/usr/local/lib/php')
File:    /home/theyarea/public_html/partyupplayer/blog/wp-content/plugins/wp-super-cache/wp-cache.php
Line:    51
-------------------------------------------- 
[Aug 05 2015 14:16:48] ERROR Exception while importing: Unable to authenticate your request with secret_key = <strong>"MAYS6Dd7OOss"</strong> 
[Aug 05 2015 14:20:44] ERROR_HANDLER 
Number:  2
Message: include(/home/theyarea/public_html/partyupplayer/blog/wp-content/wp-cache-config.php): failed to open stream: No such file or directory
File:    /home/theyarea/public_html/partyupplayer/blog/wp-content/plugins/wp-super-cache/wp-cache.php
Line:    51
-------------------------------------------- 
[Aug 05 2015 14:20:44] ERROR_HANDLER 
Number:  2
Message: include(/home/theyarea/public_html/partyupplayer/blog/wp-content/wp-cache-config.php): failed to open stream: No such file or directory
File:    /home/theyarea/public_html/partyupplayer/blog/wp-content/plugins/wp-super-cache/wp-cache.php
Line:    51
-------------------------------------------- 
[Aug 05 2015 14:20:44] ERROR_HANDLER 
Number:  2
Message: include(): Failed opening '/home/theyarea/public_html/partyupplayer/blog/wp-content/wp-cache-config.php' for inclusion (include_path='.:/usr/lib/php:/usr/local/lib/php')
File:    /home/theyarea/public_html/partyupplayer/blog/wp-content/plugins/wp-super-cache/wp-cache.php
Line:    51
-------------------------------------------- 
[Aug 05 2015 14:20:48] ERROR_HANDLER 
Number:  2
Message: include(/home/theyarea/public_html/partyupplayer/blog/wp-content/wp-cache-config.php): failed to open stream: No such file or directory
File:    /home/theyarea/public_html/partyupplayer/blog/wp-content/plugins/wp-super-cache/wp-cache.php
Line:    51
-------------------------------------------- 
[Aug 05 2015 14:20:48] ERROR_HANDLER 
Number:  2
Message: include(/home/theyarea/public_html/partyupplayer/blog/wp-content/wp-cache-config.php): failed to open stream: No such file or directory
File:    /home/theyarea/public_html/partyupplayer/blog/wp-content/plugins/wp-super-cache/wp-cache.php
Line:    51
-------------------------------------------- 
[Aug 05 2015 14:20:48] ERROR_HANDLER 
Number:  2
Message: include(): Failed opening '/home/theyarea/public_html/partyupplayer/blog/wp-content/wp-cache-config.php' for inclusion (include_path='.:/usr/lib/php:/usr/local/lib/php')
File:    /home/theyarea/public_html/partyupplayer/blog/wp-content/plugins/wp-super-cache/wp-cache.php
Line:    51
-------------------------------------------- 
[Aug 05 2015 14:20:53] ERROR_HANDLER 
Number:  2
Message: include(/home/theyarea/public_html/partyupplayer/blog/wp-content/wp-cache-config.php): failed to open stream: No such file or directory
File:    /home/theyarea/public_html/partyupplayer/blog/wp-content/plugins/wp-super-cache/wp-cache.php
Line:    51
-------------------------------------------- 
[Aug 05 2015 14:20:53] ERROR_HANDLER 
Number:  2
Message: include(/home/theyarea/public_html/partyupplayer/blog/wp-content/wp-cache-config.php): failed to open stream: No such file or directory
File:    /home/theyarea/public_html/partyupplayer/blog/wp-content/plugins/wp-super-cache/wp-cache.php
Line:    51
-------------------------------------------- 
[Aug 05 2015 14:20:53] ERROR_HANDLER 
Number:  2
Message: include(): Failed opening '/home/theyarea/public_html/partyupplayer/blog/wp-content/wp-cache-config.php' for inclusion (include_path='.:/usr/lib/php:/usr/local/lib/php')
File:    /home/theyarea/public_html/partyupplayer/blog/wp-content/plugins/wp-super-cache/wp-cache.php
Line:    51
-------------------------------------------- 
[Aug 05 2015 14:21:00] ERROR_HANDLER 
Number:  2
Message: include(/home/theyarea/public_html/partyupplayer/blog/wp-content/wp-cache-config.php): failed to open stream: No such file or directory
File:    /home/theyarea/public_html/partyupplayer/blog/wp-content/plugins/wp-super-cache/wp-cache.php
Line:    51
-------------------------------------------- 
[Aug 05 2015 14:21:00] ERROR_HANDLER 
Number:  2
Message: include(/home/theyarea/public_html/partyupplayer/blog/wp-content/wp-cache-config.php): failed to open stream: No such file or directory
File:    /home/theyarea/public_html/partyupplayer/blog/wp-content/plugins/wp-super-cache/wp-cache.php
Line:    51
-------------------------------------------- 
[Aug 05 2015 14:21:00] ERROR_HANDLER 
Number:  2
Message: include(): Failed opening '/home/theyarea/public_html/partyupplayer/blog/wp-content/wp-cache-config.php' for inclusion (include_path='.:/usr/lib/php:/usr/local/lib/php')
File:    /home/theyarea/public_html/partyupplayer/blog/wp-content/plugins/wp-super-cache/wp-cache.php
Line:    51
-------------------------------------------- 
[Aug 05 2015 14:21:03] ERROR_HANDLER 
Number:  2
Message: include(/home/theyarea/public_html/partyupplayer/blog/wp-content/wp-cache-config.php): failed to open stream: No such file or directory
File:    /home/theyarea/public_html/partyupplayer/blog/wp-content/plugins/wp-super-cache/wp-cache.php
Line:    51
-------------------------------------------- 
[Aug 05 2015 14:21:03] ERROR_HANDLER 
Number:  2
Message: include(/home/theyarea/public_html/partyupplayer/blog/wp-content/wp-cache-config.php): failed to open stream: No such file or directory
File:    /home/theyarea/public_html/partyupplayer/blog/wp-content/plugins/wp-super-cache/wp-cache.php
Line:    51
-------------------------------------------- 
[Aug 05 2015 14:21:03] ERROR_HANDLER 
Number:  2
Message: include(): Failed opening '/home/theyarea/public_html/partyupplayer/blog/wp-content/wp-cache-config.php' for inclusion (include_path='.:/usr/lib/php:/usr/local/lib/php')
File:    /home/theyarea/public_html/partyupplayer/blog/wp-content/plugins/wp-super-cache/wp-cache.php
Line:    51
-------------------------------------------- 
[Aug 05 2015 14:21:04] ERROR_HANDLER 
Number:  2
Message: include(/home/theyarea/public_html/partyupplayer/blog/wp-content/wp-cache-config.php): failed to open stream: No such file or directory
File:    /home/theyarea/public_html/partyupplayer/blog/wp-content/plugins/wp-super-cache/wp-cache.php
Line:    51
-------------------------------------------- 
[Aug 05 2015 14:21:04] ERROR_HANDLER 
Number:  2
Message: include(/home/theyarea/public_html/partyupplayer/blog/wp-content/wp-cache-config.php): failed to open stream: No such file or directory
File:    /home/theyarea/public_html/partyupplayer/blog/wp-content/plugins/wp-super-cache/wp-cache.php
Line:    51
-------------------------------------------- 
[Aug 05 2015 14:21:04] ERROR_HANDLER 
Number:  2
Message: include(): Failed opening '/home/theyarea/public_html/partyupplayer/blog/wp-content/wp-cache-config.php' for inclusion (include_path='.:/usr/lib/php:/usr/local/lib/php')
File:    /home/theyarea/public_html/partyupplayer/blog/wp-content/plugins/wp-super-cache/wp-cache.php
Line:    51
-------------------------------------------- 
[Aug 05 2015 14:21:14] ERROR_HANDLER 
Number:  2
Message: include(/home/theyarea/public_html/partyupplayer/blog/wp-content/wp-cache-config.php): failed to open stream: No such file or directory
File:    /home/theyarea/public_html/partyupplayer/blog/wp-content/plugins/wp-super-cache/wp-cache.php
Line:    51
-------------------------------------------- 
[Aug 05 2015 14:21:14] ERROR_HANDLER 
Number:  2
Message: include(/home/theyarea/public_html/partyupplayer/blog/wp-content/wp-cache-config.php): failed to open stream: No such file or directory
File:    /home/theyarea/public_html/partyupplayer/blog/wp-content/plugins/wp-super-cache/wp-cache.php
Line:    51
-------------------------------------------- 
[Aug 05 2015 14:21:14] ERROR_HANDLER 
Number:  2
Message: include(): Failed opening '/home/theyarea/public_html/partyupplayer/blog/wp-content/wp-cache-config.php' for inclusion (include_path='.:/usr/lib/php:/usr/local/lib/php')
File:    /home/theyarea/public_html/partyupplayer/blog/wp-content/plugins/wp-super-cache/wp-cache.php
Line:    51
-------------------------------------------- 
[Aug 05 2015 14:22:17] ERROR_HANDLER 
Number:  2
Message: include(/home/theyarea/public_html/partyupplayer/blog/wp-content/wp-cache-config.php): failed to open stream: No such file or directory
File:    /home/theyarea/public_html/partyupplayer/blog/wp-content/plugins/wp-super-cache/wp-cache.php
Line:    51
-------------------------------------------- 
[Aug 05 2015 14:22:17] ERROR_HANDLER 
Number:  2
Message: include(/home/theyarea/public_html/partyupplayer/blog/wp-content/wp-cache-config.php): failed to open stream: No such file or directory
File:    /home/theyarea/public_html/partyupplayer/blog/wp-content/plugins/wp-super-cache/wp-cache.php
Line:    51
-------------------------------------------- 
[Aug 05 2015 14:22:17] ERROR_HANDLER 
Number:  2
Message: include(): Failed opening '/home/theyarea/public_html/partyupplayer/blog/wp-content/wp-cache-config.php' for inclusion (include_path='.:/usr/lib/php:/usr/local/lib/php')
File:    /home/theyarea/public_html/partyupplayer/blog/wp-content/plugins/wp-super-cache/wp-cache.php
Line:    51
-------------------------------------------- 
[Aug 05 2015 14:22:45] ERROR_HANDLER 
Number:  2
Message: include(/home/theyarea/public_html/partyupplayer/blog/wp-content/wp-cache-config.php): failed to open stream: No such file or directory
File:    /home/theyarea/public_html/partyupplayer/blog/wp-content/plugins/wp-super-cache/wp-cache.php
Line:    51
-------------------------------------------- 
[Aug 05 2015 14:22:45] ERROR_HANDLER 
Number:  2
Message: include(/home/theyarea/public_html/partyupplayer/blog/wp-content/wp-cache-config.php): failed to open stream: No such file or directory
File:    /home/theyarea/public_html/partyupplayer/blog/wp-content/plugins/wp-super-cache/wp-cache.php
Line:    51
-------------------------------------------- 
[Aug 05 2015 14:22:45] ERROR_HANDLER 
Number:  2
Message: include(): Failed opening '/home/theyarea/public_html/partyupplayer/blog/wp-content/wp-cache-config.php' for inclusion (include_path='.:/usr/lib/php:/usr/local/lib/php')
File:    /home/theyarea/public_html/partyupplayer/blog/wp-content/plugins/wp-super-cache/wp-cache.php
Line:    51
-------------------------------------------- 
[Aug 05 2015 14:22:50] ERROR_HANDLER 
Number:  2
Message: include(/home/theyarea/public_html/partyupplayer/blog/wp-content/wp-cache-config.php): failed to open stream: No such file or directory
File:    /home/theyarea/public_html/partyupplayer/blog/wp-content/plugins/wp-super-cache/wp-cache.php
Line:    51
-------------------------------------------- 
[Aug 05 2015 14:22:50] ERROR_HANDLER 
Number:  2
Message: include(/home/theyarea/public_html/partyupplayer/blog/wp-content/wp-cache-config.php): failed to open stream: No such file or directory
File:    /home/theyarea/public_html/partyupplayer/blog/wp-content/plugins/wp-super-cache/wp-cache.php
Line:    51
-------------------------------------------- 
[Aug 05 2015 14:22:50] ERROR_HANDLER 
Number:  2
Message: include(): Failed opening '/home/theyarea/public_html/partyupplayer/blog/wp-content/wp-cache-config.php' for inclusion (include_path='.:/usr/lib/php:/usr/local/lib/php')
File:    /home/theyarea/public_html/partyupplayer/blog/wp-content/plugins/wp-super-cache/wp-cache.php
Line:    51
-------------------------------------------- 
[Aug 05 2015 14:22:56] ERROR_HANDLER 
Number:  2
Message: include(/home/theyarea/public_html/partyupplayer/blog/wp-content/wp-cache-config.php): failed to open stream: No such file or directory
File:    /home/theyarea/public_html/partyupplayer/blog/wp-content/plugins/wp-super-cache/wp-cache.php
Line:    51
-------------------------------------------- 
[Aug 05 2015 14:22:56] ERROR_HANDLER 
Number:  2
Message: include(/home/theyarea/public_html/partyupplayer/blog/wp-content/wp-cache-config.php): failed to open stream: No such file or directory
File:    /home/theyarea/public_html/partyupplayer/blog/wp-content/plugins/wp-super-cache/wp-cache.php
Line:    51
-------------------------------------------- 
[Aug 05 2015 14:22:56] ERROR_HANDLER 
Number:  2
Message: include(): Failed opening '/home/theyarea/public_html/partyupplayer/blog/wp-content/wp-cache-config.php' for inclusion (include_path='.:/usr/lib/php:/usr/local/lib/php')
File:    /home/theyarea/public_html/partyupplayer/blog/wp-content/plugins/wp-super-cache/wp-cache.php
Line:    51
-------------------------------------------- 
[Aug 05 2015 14:22:59] ERROR_HANDLER 
Number:  2
Message: include(/home/theyarea/public_html/partyupplayer/blog/wp-content/wp-cache-config.php): failed to open stream: No such file or directory
File:    /home/theyarea/public_html/partyupplayer/blog/wp-content/plugins/wp-super-cache/wp-cache.php
Line:    51
-------------------------------------------- 
[Aug 05 2015 14:22:59] ERROR_HANDLER 
Number:  2
Message: include(/home/theyarea/public_html/partyupplayer/blog/wp-content/wp-cache-config.php): failed to open stream: No such file or directory
File:    /home/theyarea/public_html/partyupplayer/blog/wp-content/plugins/wp-super-cache/wp-cache.php
Line:    51
-------------------------------------------- 
[Aug 05 2015 14:22:59] ERROR_HANDLER 
Number:  2
Message: include(): Failed opening '/home/theyarea/public_html/partyupplayer/blog/wp-content/wp-cache-config.php' for inclusion (include_path='.:/usr/lib/php:/usr/local/lib/php')
File:    /home/theyarea/public_html/partyupplayer/blog/wp-content/plugins/wp-super-cache/wp-cache.php
Line:    51
-------------------------------------------- 
[Aug 05 2015 14:23:00] ERROR_HANDLER 
Number:  2
Message: include(/home/theyarea/public_html/partyupplayer/blog/wp-content/wp-cache-config.php): failed to open stream: No such file or directory
File:    /home/theyarea/public_html/partyupplayer/blog/wp-content/plugins/wp-super-cache/wp-cache.php
Line:    51
-------------------------------------------- 
[Aug 05 2015 14:23:00] ERROR_HANDLER 
Number:  2
Message: include(/home/theyarea/public_html/partyupplayer/blog/wp-content/wp-cache-config.php): failed to open stream: No such file or directory
File:    /home/theyarea/public_html/partyupplayer/blog/wp-content/plugins/wp-super-cache/wp-cache.php
Line:    51
-------------------------------------------- 
[Aug 05 2015 14:23:00] ERROR_HANDLER 
Number:  2
Message: include(): Failed opening '/home/theyarea/public_html/partyupplayer/blog/wp-content/wp-cache-config.php' for inclusion (include_path='.:/usr/lib/php:/usr/local/lib/php')
File:    /home/theyarea/public_html/partyupplayer/blog/wp-content/plugins/wp-super-cache/wp-cache.php
Line:    51
-------------------------------------------- 
[Aug 05 2015 14:23:15] ERROR_HANDLER 
Number:  2
Message: include(/home/theyarea/public_html/partyupplayer/blog/wp-content/wp-cache-config.php): failed to open stream: No such file or directory
File:    /home/theyarea/public_html/partyupplayer/blog/wp-content/plugins/wp-super-cache/wp-cache.php
Line:    51
-------------------------------------------- 
[Aug 05 2015 14:23:15] ERROR_HANDLER 
Number:  2
Message: include(/home/theyarea/public_html/partyupplayer/blog/wp-content/wp-cache-config.php): failed to open stream: No such file or directory
File:    /home/theyarea/public_html/partyupplayer/blog/wp-content/plugins/wp-super-cache/wp-cache.php
Line:    51
-------------------------------------------- 
[Aug 05 2015 14:23:15] ERROR_HANDLER 
Number:  2
Message: include(): Failed opening '/home/theyarea/public_html/partyupplayer/blog/wp-content/wp-cache-config.php' for inclusion (include_path='.:/usr/lib/php:/usr/local/lib/php')
File:    /home/theyarea/public_html/partyupplayer/blog/wp-content/plugins/wp-super-cache/wp-cache.php
Line:    51
-------------------------------------------- 
[Aug 05 2015 14:23:23] ERROR_HANDLER 
Number:  2
Message: include(/home/theyarea/public_html/partyupplayer/blog/wp-content/wp-cache-config.php): failed to open stream: No such file or directory
File:    /home/theyarea/public_html/partyupplayer/blog/wp-content/plugins/wp-super-cache/wp-cache.php
Line:    51
-------------------------------------------- 
[Aug 05 2015 14:23:23] ERROR_HANDLER 
Number:  2
Message: include(/home/theyarea/public_html/partyupplayer/blog/wp-content/wp-cache-config.php): failed to open stream: No such file or directory
File:    /home/theyarea/public_html/partyupplayer/blog/wp-content/plugins/wp-super-cache/wp-cache.php
Line:    51
-------------------------------------------- 
[Aug 05 2015 14:23:23] ERROR_HANDLER 
Number:  2
Message: include(): Failed opening '/home/theyarea/public_html/partyupplayer/blog/wp-content/wp-cache-config.php' for inclusion (include_path='.:/usr/lib/php:/usr/local/lib/php')
File:    /home/theyarea/public_html/partyupplayer/blog/wp-content/plugins/wp-super-cache/wp-cache.php
Line:    51
-------------------------------------------- 
[Aug 05 2015 14:23:34] ERROR_HANDLER 
Number:  2
Message: include(/home/theyarea/public_html/partyupplayer/blog/wp-content/wp-cache-config.php): failed to open stream: No such file or directory
File:    /home/theyarea/public_html/partyupplayer/blog/wp-content/plugins/wp-super-cache/wp-cache.php
Line:    51
-------------------------------------------- 
[Aug 05 2015 14:23:34] ERROR_HANDLER 
Number:  2
Message: include(/home/theyarea/public_html/partyupplayer/blog/wp-content/wp-cache-config.php): failed to open stream: No such file or directory
File:    /home/theyarea/public_html/partyupplayer/blog/wp-content/plugins/wp-super-cache/wp-cache.php
Line:    51
-------------------------------------------- 
[Aug 05 2015 14:23:34] ERROR_HANDLER 
Number:  2
Message: include(): Failed opening '/home/theyarea/public_html/partyupplayer/blog/wp-content/wp-cache-config.php' for inclusion (include_path='.:/usr/lib/php:/usr/local/lib/php')
File:    /home/theyarea/public_html/partyupplayer/blog/wp-content/plugins/wp-super-cache/wp-cache.php
Line:    51
-------------------------------------------- 
[Aug 05 2015 14:28:22] ERROR_HANDLER 
Number:  2
Message: include(D:\home\site\wwwroot\blog/wp-content/wp-cache-config.php): failed to open stream: No such file or directory
File:    D:\home\site\wwwroot\blog\wp-content\plugins\wp-super-cache\wp-cache.php
Line:    51
-------------------------------------------- 
[Aug 05 2015 14:28:22] ERROR_HANDLER 
Number:  2
Message: include(): Failed opening 'D:\home\site\wwwroot\blog/wp-content/wp-cache-config.php' for inclusion (include_path='.;C:\php\pear')
File:    D:\home\site\wwwroot\blog\wp-content\plugins\wp-super-cache\wp-cache.php
Line:    51
-------------------------------------------- 
[Aug 05 2015 14:28:23] ERROR_HANDLER 
Number:  2
Message: include(D:\home\site\wwwroot\blog/wp-content/wp-cache-config.php): failed to open stream: No such file or directory
File:    D:\home\site\wwwroot\blog\wp-content\plugins\wp-super-cache\wp-cache.php
Line:    51
-------------------------------------------- 
[Aug 05 2015 14:28:23] ERROR_HANDLER 
Number:  2
Message: include(): Failed opening 'D:\home\site\wwwroot\blog/wp-content/wp-cache-config.php' for inclusion (include_path='.;C:\php\pear')
File:    D:\home\site\wwwroot\blog\wp-content\plugins\wp-super-cache\wp-cache.php
Line:    51
-------------------------------------------- 
[Aug 05 2015 14:29:57] ERROR_HANDLER 
Number:  2
Message: include(D:\home\site\wwwroot\blog/wp-content/wp-cache-config.php): failed to open stream: No such file or directory
File:    D:\home\site\wwwroot\blog\wp-content\plugins\wp-super-cache\wp-cache.php
Line:    51
-------------------------------------------- 
[Aug 05 2015 14:29:57] ERROR_HANDLER 
Number:  2
Message: include(): Failed opening 'D:\home\site\wwwroot\blog/wp-content/wp-cache-config.php' for inclusion (include_path='.;C:\php\pear')
File:    D:\home\site\wwwroot\blog\wp-content\plugins\wp-super-cache\wp-cache.php
Line:    51
-------------------------------------------- 
[Aug 05 2015 14:29:57] ERROR_HANDLER 
Number:  2
Message: include(D:\home\site\wwwroot\blog/wp-content/wp-cache-config.php): failed to open stream: No such file or directory
File:    D:\home\site\wwwroot\blog\wp-content\plugins\wp-super-cache\wp-cache.php
Line:    51
-------------------------------------------- 
[Aug 05 2015 14:29:57] ERROR_HANDLER 
Number:  2
Message: include(): Failed opening 'D:\home\site\wwwroot\blog/wp-content/wp-cache-config.php' for inclusion (include_path='.;C:\php\pear')
File:    D:\home\site\wwwroot\blog\wp-content\plugins\wp-super-cache\wp-cache.php
Line:    51
-------------------------------------------- 
[Aug 05 2015 14:31:57] ERROR_HANDLER 
Number:  2
Message: include(D:\home\site\wwwroot\blog/wp-content/wp-cache-config.php): failed to open stream: No such file or directory
File:    D:\home\site\wwwroot\blog\wp-content\plugins\wp-super-cache\wp-cache.php
Line:    51
-------------------------------------------- 
[Aug 05 2015 14:31:57] ERROR_HANDLER 
Number:  2
Message: include(): Failed opening 'D:\home\site\wwwroot\blog/wp-content/wp-cache-config.php' for inclusion (include_path='.;C:\php\pear')
File:    D:\home\site\wwwroot\blog\wp-content\plugins\wp-super-cache\wp-cache.php
Line:    51
-------------------------------------------- 
[Aug 05 2015 14:32:30] ERROR_HANDLER 
Number:  2
Message: include(D:\home\site\wwwroot\blog/wp-content/wp-cache-config.php): failed to open stream: No such file or directory
File:    D:\home\site\wwwroot\blog\wp-content\plugins\wp-super-cache\wp-cache.php
Line:    51
-------------------------------------------- 
[Aug 05 2015 14:32:30] ERROR_HANDLER 
Number:  2
Message: include(): Failed opening 'D:\home\site\wwwroot\blog/wp-content/wp-cache-config.php' for inclusion (include_path='.;C:\php\pear')
File:    D:\home\site\wwwroot\blog\wp-content\plugins\wp-super-cache\wp-cache.php
Line:    51
-------------------------------------------- 
[Aug 05 2015 14:32:47] ERROR_HANDLER 
Number:  2
Message: include(D:\home\site\wwwroot\blog/wp-content/wp-cache-config.php): failed to open stream: No such file or directory
File:    D:\home\site\wwwroot\blog\wp-content\plugins\wp-super-cache\wp-cache.php
Line:    51
-------------------------------------------- 
[Aug 05 2015 14:32:47] ERROR_HANDLER 
Number:  2
Message: include(): Failed opening 'D:\home\site\wwwroot\blog/wp-content/wp-cache-config.php' for inclusion (include_path='.;C:\php\pear')
File:    D:\home\site\wwwroot\blog\wp-content\plugins\wp-super-cache\wp-cache.php
Line:    51
-------------------------------------------- 
[Aug 05 2015 14:32:50] ERROR_HANDLER 
Number:  2
Message: include(D:\home\site\wwwroot\blog/wp-content/wp-cache-config.php): failed to open stream: No such file or directory
File:    D:\home\site\wwwroot\blog\wp-content\plugins\wp-super-cache\wp-cache.php
Line:    51
-------------------------------------------- 
[Aug 05 2015 14:32:50] ERROR_HANDLER 
Number:  2
Message: include(): Failed opening 'D:\home\site\wwwroot\blog/wp-content/wp-cache-config.php' for inclusion (include_path='.;C:\php\pear')
File:    D:\home\site\wwwroot\blog\wp-content\plugins\wp-super-cache\wp-cache.php
Line:    51
-------------------------------------------- 
[Aug 05 2015 14:32:50] ERROR_HANDLER 
Number:  2
Message: gzinflate(): data error
File:    D:\home\site\wwwroot\blog\wp-includes\class-http.php
Line:    2116
-------------------------------------------- 
[Aug 05 2015 14:32:51] ERROR_HANDLER 
Number:  2
Message: gzinflate(): data error
File:    D:\home\site\wwwroot\blog\wp-includes\class-http.php
Line:    2116
-------------------------------------------- 
[Aug 05 2015 14:32:56] ERROR_HANDLER 
Number:  2
Message: include(D:\home\site\wwwroot\blog/wp-content/wp-cache-config.php): failed to open stream: No such file or directory
File:    D:\home\site\wwwroot\blog\wp-content\plugins\wp-super-cache\wp-cache.php
Line:    51
-------------------------------------------- 
[Aug 05 2015 14:32:56] ERROR_HANDLER 
Number:  2
Message: include(): Failed opening 'D:\home\site\wwwroot\blog/wp-content/wp-cache-config.php' for inclusion (include_path='.;C:\php\pear')
File:    D:\home\site\wwwroot\blog\wp-content\plugins\wp-super-cache\wp-cache.php
Line:    51
-------------------------------------------- 
[Aug 05 2015 14:32:56] ERROR_HANDLER 
Number:  2
Message: gzinflate(): data error
File:    D:\home\site\wwwroot\blog\wp-includes\class-http.php
Line:    2116
-------------------------------------------- 
[Aug 05 2015 14:32:57] ERROR_HANDLER 
Number:  2
Message: gzinflate(): data error
File:    D:\home\site\wwwroot\blog\wp-includes\class-http.php
Line:    2116
-------------------------------------------- 
[Aug 05 2015 14:32:58] ERROR_HANDLER 
Number:  2
Message: include(D:\home\site\wwwroot\blog/wp-content/wp-cache-config.php): failed to open stream: No such file or directory
File:    D:\home\site\wwwroot\blog\wp-content\plugins\wp-super-cache\wp-cache.php
Line:    51
-------------------------------------------- 
[Aug 05 2015 14:32:58] ERROR_HANDLER 
Number:  2
Message: include(): Failed opening 'D:\home\site\wwwroot\blog/wp-content/wp-cache-config.php' for inclusion (include_path='.;C:\php\pear')
File:    D:\home\site\wwwroot\blog\wp-content\plugins\wp-super-cache\wp-cache.php
Line:    51
-------------------------------------------- 
[Aug 05 2015 14:33:06] ERROR_HANDLER 
Number:  2
Message: include(D:\home\site\wwwroot\blog/wp-content/wp-cache-config.php): failed to open stream: No such file or directory
File:    D:\home\site\wwwroot\blog\wp-content\plugins\wp-super-cache\wp-cache.php
Line:    51
-------------------------------------------- 
[Aug 05 2015 14:33:06] ERROR_HANDLER 
Number:  2
Message: include(): Failed opening 'D:\home\site\wwwroot\blog/wp-content/wp-cache-config.php' for inclusion (include_path='.;C:\php\pear')
File:    D:\home\site\wwwroot\blog\wp-content\plugins\wp-super-cache\wp-cache.php
Line:    51
-------------------------------------------- 
[Aug 05 2015 14:33:06] ERROR_HANDLER 
Number:  2
Message: gzinflate(): data error
File:    D:\home\site\wwwroot\blog\wp-includes\class-http.php
Line:    2116
-------------------------------------------- 
[Aug 05 2015 14:33:07] ERROR_HANDLER 
Number:  2
Message: include(D:\home\site\wwwroot\blog/wp-content/wp-cache-config.php): failed to open stream: No such file or directory
File:    D:\home\site\wwwroot\blog\wp-content\plugins\wp-super-cache\wp-cache.php
Line:    51
-------------------------------------------- 
[Aug 05 2015 14:33:07] ERROR_HANDLER 
Number:  2
Message: include(): Failed opening 'D:\home\site\wwwroot\blog/wp-content/wp-cache-config.php' for inclusion (include_path='.;C:\php\pear')
File:    D:\home\site\wwwroot\blog\wp-content\plugins\wp-super-cache\wp-cache.php
Line:    51
-------------------------------------------- 
[Aug 05 2015 17:21:32] ERROR_HANDLER 
Number:  2
Message: include(D:\home\site\wwwroot\blog/wp-content/wp-cache-config.php): failed to open stream: No such file or directory
File:    D:\home\site\wwwroot\blog\wp-content\plugins\wp-super-cache\wp-cache.php
Line:    51
-------------------------------------------- 
[Aug 05 2015 17:21:32] ERROR_HANDLER 
Number:  2
Message: include(): Failed opening 'D:\home\site\wwwroot\blog/wp-content/wp-cache-config.php' for inclusion (include_path='.;C:\php\pear')
File:    D:\home\site\wwwroot\blog\wp-content\plugins\wp-super-cache\wp-cache.php
Line:    51
-------------------------------------------- 
[Aug 05 2015 17:21:34] ERROR_HANDLER 
Number:  2
Message: gzinflate(): data error
File:    D:\home\site\wwwroot\blog\wp-includes\class-http.php
Line:    2116
-------------------------------------------- 
[Aug 05 2015 17:21:36] ERROR_HANDLER 
Number:  2
Message: include(D:\home\site\wwwroot\blog/wp-content/wp-cache-config.php): failed to open stream: No such file or directory
File:    D:\home\site\wwwroot\blog\wp-content\plugins\wp-super-cache\wp-cache.php
Line:    51
-------------------------------------------- 
[Aug 05 2015 17:21:36] ERROR_HANDLER 
Number:  2
Message: include(): Failed opening 'D:\home\site\wwwroot\blog/wp-content/wp-cache-config.php' for inclusion (include_path='.;C:\php\pear')
File:    D:\home\site\wwwroot\blog\wp-content\plugins\wp-super-cache\wp-cache.php
Line:    51
-------------------------------------------- 
[Aug 05 2015 17:21:36] ERROR_HANDLER 
Number:  2
Message: gzinflate(): data error
File:    D:\home\site\wwwroot\blog\wp-includes\class-http.php
Line:    2116
-------------------------------------------- 
[Aug 05 2015 17:21:37] ERROR_HANDLER 
Number:  2
Message: include(D:\home\site\wwwroot\blog/wp-content/wp-cache-config.php): failed to open stream: No such file or directory
File:    D:\home\site\wwwroot\blog\wp-content\plugins\wp-super-cache\wp-cache.php
Line:    51
-------------------------------------------- 
[Aug 05 2015 17:21:37] ERROR_HANDLER 
Number:  2
Message: include(): Failed opening 'D:\home\site\wwwroot\blog/wp-content/wp-cache-config.php' for inclusion (include_path='.;C:\php\pear')
File:    D:\home\site\wwwroot\blog\wp-content\plugins\wp-super-cache\wp-cache.php
Line:    51
-------------------------------------------- 
[Aug 05 2015 17:21:37] ERROR_HANDLER 
Number:  2
Message: gzinflate(): data error
File:    D:\home\site\wwwroot\blog\wp-includes\class-http.php
Line:    2116
-------------------------------------------- 
[Aug 05 2015 17:21:39] ERROR_HANDLER 
Number:  2
Message: include(D:\home\site\wwwroot\blog/wp-content/wp-cache-config.php): failed to open stream: No such file or directory
File:    D:\home\site\wwwroot\blog\wp-content\plugins\wp-super-cache\wp-cache.php
Line:    51
-------------------------------------------- 
[Aug 05 2015 17:21:39] ERROR_HANDLER 
Number:  2
Message: include(): Failed opening 'D:\home\site\wwwroot\blog/wp-content/wp-cache-config.php' for inclusion (include_path='.;C:\php\pear')
File:    D:\home\site\wwwroot\blog\wp-content\plugins\wp-super-cache\wp-cache.php
Line:    51
-------------------------------------------- 
[Aug 05 2015 17:21:39] ERROR_HANDLER 
Number:  2
Message: gzinflate(): data error
File:    D:\home\site\wwwroot\blog\wp-includes\class-http.php
Line:    2116
-------------------------------------------- 
[Aug 05 2015 17:21:44] ERROR_HANDLER 
Number:  2
Message: include(D:\home\site\wwwroot\blog/wp-content/wp-cache-config.php): failed to open stream: No such file or directory
File:    D:\home\site\wwwroot\blog\wp-content\plugins\wp-super-cache\wp-cache.php
Line:    51
-------------------------------------------- 
[Aug 05 2015 17:21:44] ERROR_HANDLER 
Number:  2
Message: include(): Failed opening 'D:\home\site\wwwroot\blog/wp-content/wp-cache-config.php' for inclusion (include_path='.;C:\php\pear')
File:    D:\home\site\wwwroot\blog\wp-content\plugins\wp-super-cache\wp-cache.php
Line:    51
-------------------------------------------- 
[Aug 05 2015 17:21:44] ERROR_HANDLER 
Number:  2
Message: gzinflate(): data error
File:    D:\home\site\wwwroot\blog\wp-includes\class-http.php
Line:    2116
-------------------------------------------- 
[Aug 05 2015 17:21:48] ERROR_HANDLER 
Number:  2
Message: include(D:\home\site\wwwroot\blog/wp-content/wp-cache-config.php): failed to open stream: No such file or directory
File:    D:\home\site\wwwroot\blog\wp-content\plugins\wp-super-cache\wp-cache.php
Line:    51
-------------------------------------------- 
[Aug 05 2015 17:21:48] ERROR_HANDLER 
Number:  2
Message: include(): Failed opening 'D:\home\site\wwwroot\blog/wp-content/wp-cache-config.php' for inclusion (include_path='.;C:\php\pear')
File:    D:\home\site\wwwroot\blog\wp-content\plugins\wp-super-cache\wp-cache.php
Line:    51
-------------------------------------------- 
[Aug 05 2015 17:21:49] ERROR_HANDLER 
Number:  2
Message: gzinflate(): data error
File:    D:\home\site\wwwroot\blog\wp-includes\class-http.php
Line:    2116
-------------------------------------------- 
[Aug 05 2015 17:21:54] ERROR_HANDLER 
Number:  2
Message: include(D:\home\site\wwwroot\blog/wp-content/wp-cache-config.php): failed to open stream: No such file or directory
File:    D:\home\site\wwwroot\blog\wp-content\plugins\wp-super-cache\wp-cache.php
Line:    51
-------------------------------------------- 
[Aug 05 2015 17:21:54] ERROR_HANDLER 
Number:  2
Message: include(): Failed opening 'D:\home\site\wwwroot\blog/wp-content/wp-cache-config.php' for inclusion (include_path='.;C:\php\pear')
File:    D:\home\site\wwwroot\blog\wp-content\plugins\wp-super-cache\wp-cache.php
Line:    51
-------------------------------------------- 
[Aug 05 2015 17:21:54] ERROR_HANDLER 
Number:  2
Message: gzinflate(): data error
File:    D:\home\site\wwwroot\blog\wp-includes\class-http.php
Line:    2116
-------------------------------------------- 
[Aug 05 2015 17:22:00] ERROR_HANDLER 
Number:  2
Message: include(D:\home\site\wwwroot\blog/wp-content/wp-cache-config.php): failed to open stream: No such file or directory
File:    D:\home\site\wwwroot\blog\wp-content\plugins\wp-super-cache\wp-cache.php
Line:    51
-------------------------------------------- 
[Aug 05 2015 17:22:00] ERROR_HANDLER 
Number:  2
Message: include(): Failed opening 'D:\home\site\wwwroot\blog/wp-content/wp-cache-config.php' for inclusion (include_path='.;C:\php\pear')
File:    D:\home\site\wwwroot\blog\wp-content\plugins\wp-super-cache\wp-cache.php
Line:    51
-------------------------------------------- 
[Aug 05 2015 17:22:01] ERROR_HANDLER 
Number:  2
Message: gzinflate(): data error
File:    D:\home\site\wwwroot\blog\wp-includes\class-http.php
Line:    2116
-------------------------------------------- 
[Aug 05 2015 17:22:04] ERROR_HANDLER 
Number:  2
Message: include(D:\home\site\wwwroot\blog/wp-content/wp-cache-config.php): failed to open stream: No such file or directory
File:    D:\home\site\wwwroot\blog\wp-content\plugins\wp-super-cache\wp-cache.php
Line:    51
-------------------------------------------- 
[Aug 05 2015 17:22:04] ERROR_HANDLER 
Number:  2
Message: include(): Failed opening 'D:\home\site\wwwroot\blog/wp-content/wp-cache-config.php' for inclusion (include_path='.;C:\php\pear')
File:    D:\home\site\wwwroot\blog\wp-content\plugins\wp-super-cache\wp-cache.php
Line:    51
-------------------------------------------- 
[Aug 05 2015 17:22:04] ERROR_HANDLER 
Number:  2
Message: gzinflate(): data error
File:    D:\home\site\wwwroot\blog\wp-includes\class-http.php
Line:    2116
-------------------------------------------- 
[Aug 05 2015 17:22:10] ERROR_HANDLER 
Number:  2
Message: include(D:\home\site\wwwroot\blog/wp-content/wp-cache-config.php): failed to open stream: No such file or directory
File:    D:\home\site\wwwroot\blog\wp-content\plugins\wp-super-cache\wp-cache.php
Line:    51
-------------------------------------------- 
[Aug 05 2015 17:22:10] ERROR_HANDLER 
Number:  2
Message: include(): Failed opening 'D:\home\site\wwwroot\blog/wp-content/wp-cache-config.php' for inclusion (include_path='.;C:\php\pear')
File:    D:\home\site\wwwroot\blog\wp-content\plugins\wp-super-cache\wp-cache.php
Line:    51
-------------------------------------------- 
[Aug 05 2015 17:22:11] ERROR_HANDLER 
Number:  2
Message: gzinflate(): data error
File:    D:\home\site\wwwroot\blog\wp-includes\class-http.php
Line:    2116
-------------------------------------------- 
[Aug 05 2015 17:22:14] ERROR_HANDLER 
Number:  2
Message: include(D:\home\site\wwwroot\blog/wp-content/wp-cache-config.php): failed to open stream: No such file or directory
File:    D:\home\site\wwwroot\blog\wp-content\plugins\wp-super-cache\wp-cache.php
Line:    51
-------------------------------------------- 
[Aug 05 2015 17:22:14] ERROR_HANDLER 
Number:  2
Message: include(): Failed opening 'D:\home\site\wwwroot\blog/wp-content/wp-cache-config.php' for inclusion (include_path='.;C:\php\pear')
File:    D:\home\site\wwwroot\blog\wp-content\plugins\wp-super-cache\wp-cache.php
Line:    51
-------------------------------------------- 
[Aug 05 2015 17:22:14] ERROR_HANDLER 
Number:  2
Message: gzinflate(): data error
File:    D:\home\site\wwwroot\blog\wp-includes\class-http.php
Line:    2116
-------------------------------------------- 
[Aug 05 2015 17:22:19] ERROR_HANDLER 
Number:  2
Message: include(D:\home\site\wwwroot\blog/wp-content/wp-cache-config.php): failed to open stream: No such file or directory
File:    D:\home\site\wwwroot\blog\wp-content\plugins\wp-super-cache\wp-cache.php
Line:    51
-------------------------------------------- 
[Aug 05 2015 17:22:19] ERROR_HANDLER 
Number:  2
Message: include(): Failed opening 'D:\home\site\wwwroot\blog/wp-content/wp-cache-config.php' for inclusion (include_path='.;C:\php\pear')
File:    D:\home\site\wwwroot\blog\wp-content\plugins\wp-super-cache\wp-cache.php
Line:    51
-------------------------------------------- 
[Aug 05 2015 17:22:20] ERROR_HANDLER 
Number:  2
Message: gzinflate(): data error
File:    D:\home\site\wwwroot\blog\wp-includes\class-http.php
Line:    2116
-------------------------------------------- 
[Aug 05 2015 19:21:14] ERROR_HANDLER 
Number:  2
Message: include(D:\home\site\wwwroot\blog/wp-content/wp-cache-config.php): failed to open stream: No such file or directory
File:    D:\home\site\wwwroot\blog\wp-content\plugins\wp-super-cache\wp-cache.php
Line:    51
-------------------------------------------- 
[Aug 05 2015 19:21:14] ERROR_HANDLER 
Number:  2
Message: include(): Failed opening 'D:\home\site\wwwroot\blog/wp-content/wp-cache-config.php' for inclusion (include_path='.;C:\php\pear')
File:    D:\home\site\wwwroot\blog\wp-content\plugins\wp-super-cache\wp-cache.php
Line:    51
-------------------------------------------- 
[Aug 05 2015 19:21:17] ERROR_HANDLER 
Number:  2
Message: include(D:\home\site\wwwroot\blog/wp-content/wp-cache-config.php): failed to open stream: No such file or directory
File:    D:\home\site\wwwroot\blog\wp-content\plugins\wp-super-cache\wp-cache.php
Line:    51
-------------------------------------------- 
[Aug 05 2015 19:21:17] ERROR_HANDLER 
Number:  2
Message: include(): Failed opening 'D:\home\site\wwwroot\blog/wp-content/wp-cache-config.php' for inclusion (include_path='.;C:\php\pear')
File:    D:\home\site\wwwroot\blog\wp-content\plugins\wp-super-cache\wp-cache.php
Line:    51
-------------------------------------------- 
[Aug 05 2015 19:21:18] ERROR_HANDLER 
Number:  2
Message: gzinflate(): data error
File:    D:\home\site\wwwroot\blog\wp-includes\class-http.php
Line:    2116
-------------------------------------------- 
[Aug 05 2015 19:37:18] ERROR_HANDLER 
Number:  2
Message: include(D:\home\site\wwwroot\blog/wp-content/wp-cache-config.php): failed to open stream: No such file or directory
File:    D:\home\site\wwwroot\blog\wp-content\plugins\wp-super-cache\wp-cache.php
Line:    51
-------------------------------------------- 
[Aug 05 2015 19:37:18] ERROR_HANDLER 
Number:  2
Message: include(): Failed opening 'D:\home\site\wwwroot\blog/wp-content/wp-cache-config.php' for inclusion (include_path='.;C:\php\pear')
File:    D:\home\site\wwwroot\blog\wp-content\plugins\wp-super-cache\wp-cache.php
Line:    51
-------------------------------------------- 
[Aug 05 2015 19:37:19] ERROR_HANDLER 
Number:  2
Message: gzinflate(): data error
File:    D:\home\site\wwwroot\blog\wp-includes\class-http.php
Line:    2116
-------------------------------------------- 
